<?xml version="1.0" encoding="UTF-8"?>
<coverage generated="1521513307831" clover="3.2.0">
  <project timestamp="1521513307831" name="All files">
    <metrics statements="10" coveredstatements="10" conditionals="8" coveredconditionals="8" methods="3" coveredmethods="3" elements="21" coveredelements="21" complexity="0" loc="10" ncloc="10" packages="1" files="1" classes="1">
      <file name="index.js" path="C:\Projects\UtilLibs\DateLib\src\index.js">
        <metrics statements="10" coveredstatements="10" conditionals="8" coveredconditionals="8" methods="3" coveredmethods="3"/>
        <line num="21" count="18" type="stmt"/>
        <line num="22" count="18" type="cond" truecount="2" falsecount="0"/>
        <line num="23" count="18" type="stmt"/>
        <line num="24" count="18" type="cond" truecount="2" falsecount="0"/>
        <line num="26" count="18" type="stmt"/>
        <line num="29" count="1" type="stmt"/>
        <line num="30" count="10" type="stmt"/>
        <line num="32" count="12" type="cond" truecount="2" falsecount="0"/>
        <line num="33" count="7" type="cond" truecount="2" falsecount="0"/>
        <line num="34" count="4" type="stmt"/>
      </file>
    </metrics>
  </project>
</coverage>
