<?xml version="1.0" encoding="UTF-8"?>
<coverage generated="1521440392465" clover="3.2.0">
  <project timestamp="1521440392466" name="All files">
    <metrics statements="7" coveredstatements="7" conditionals="4" coveredconditionals="4" methods="2" coveredmethods="2" elements="13" coveredelements="13" complexity="0" loc="7" ncloc="7" packages="1" files="1" classes="1">
      <file name="index.js" path="C:\Projects\UtilLibs\DateLib\src\index.js">
        <metrics statements="7" coveredstatements="7" conditionals="4" coveredconditionals="4" methods="2" coveredmethods="2"/>
        <line num="21" count="10" type="stmt"/>
        <line num="22" count="10" type="cond" truecount="2" falsecount="0"/>
        <line num="23" count="10" type="stmt"/>
        <line num="24" count="10" type="cond" truecount="2" falsecount="0"/>
        <line num="26" count="10" type="stmt"/>
        <line num="29" count="1" type="stmt"/>
        <line num="30" count="10" type="stmt"/>
      </file>
    </metrics>
  </project>
</coverage>
