{"C:\\Projects\\UtilLibs\\DateLib\\src\\index.js": {"path":"C:\\Projects\\UtilLibs\\DateLib\\src\\index.js","statementMap":{"0":{"start":{"line":21,"column":14},"end":{"line":21,"column":40}},"1":{"start":{"line":22,"column":2},"end":{"line":22,"column":43}},"2":{"start":{"line":23,"column":13},"end":{"line":23,"column":34}},"3":{"start":{"line":24,"column":2},"end":{"line":24,"column":39}},"4":{"start":{"line":26,"column":2},"end":{"line":26,"column":101}},"5":{"start":{"line":29,"column":0},"end":{"line":36,"column":2}},"6":{"start":{"line":30,"column":35},"end":{"line":30,"column":71}},"7":{"start":{"line":32,"column":4},"end":{"line":33,"column":73}},"8":{"start":{"line":32,"column":34},"end":{"line":32,"column":82}},"9":{"start":{"line":33,"column":9},"end":{"line":33,"column":73}},"10":{"start":{"line":33,"column":35},"end":{"line":33,"column":73}},"11":{"start":{"line":34,"column":4},"end":{"line":34,"column":80}}},"fnMap":{"0":{"name":"getFormatedDate","decl":{"start":{"line":20,"column":9},"end":{"line":20,"column":24}},"loc":{"start":{"line":20,"column":47},"end":{"line":27,"column":1}},"line":20},"1":{"name":"(anonymous_1)","decl":{"start":{"line":30,"column":24},"end":{"line":30,"column":25}},"loc":{"start":{"line":30,"column":35},"end":{"line":30,"column":71}},"line":30},"2":{"name":"(anonymous_2)","decl":{"start":{"line":31,"column":17},"end":{"line":31,"column":18}},"loc":{"start":{"line":31,"column":36},"end":{"line":35,"column":3}},"line":31}},"branchMap":{"0":{"loc":{"start":{"line":22,"column":10},"end":{"line":22,"column":42}},"type":"cond-expr","locations":[{"start":{"line":22,"column":23},"end":{"line":22,"column":34}},{"start":{"line":22,"column":37},"end":{"line":22,"column":42}}],"line":22},"1":{"loc":{"start":{"line":24,"column":9},"end":{"line":24,"column":38}},"type":"cond-expr","locations":[{"start":{"line":24,"column":21},"end":{"line":24,"column":31}},{"start":{"line":24,"column":34},"end":{"line":24,"column":38}}],"line":24},"2":{"loc":{"start":{"line":32,"column":4},"end":{"line":33,"column":73}},"type":"if","locations":[{"start":{"line":32,"column":4},"end":{"line":33,"column":73}},{"start":{"line":32,"column":4},"end":{"line":33,"column":73}}],"line":32},"3":{"loc":{"start":{"line":33,"column":9},"end":{"line":33,"column":73}},"type":"if","locations":[{"start":{"line":33,"column":9},"end":{"line":33,"column":73}},{"start":{"line":33,"column":9},"end":{"line":33,"column":73}}],"line":33}},"s":{"0":18,"1":18,"2":18,"3":18,"4":18,"5":1,"6":10,"7":12,"8":5,"9":7,"10":3,"11":4},"f":{"0":18,"1":10,"2":12},"b":{"0":[13,5],"1":[10,8],"2":[5,7],"3":[3,4]},"_coverageSchema":"332fd63041d2c1bcb487cc26dd0d5f7d97098a6c","hash":"47cb056713fbeb167a18947d07d9a29845d576c1"}
}
