{"C:\\Projects\\UtilLibs\\DateLib\\src\\index.js": {"path":"C:\\Projects\\UtilLibs\\DateLib\\src\\index.js","statementMap":{"0":{"start":{"line":21,"column":14},"end":{"line":21,"column":40}},"1":{"start":{"line":22,"column":2},"end":{"line":22,"column":43}},"2":{"start":{"line":23,"column":13},"end":{"line":23,"column":34}},"3":{"start":{"line":24,"column":2},"end":{"line":24,"column":39}},"4":{"start":{"line":26,"column":2},"end":{"line":26,"column":101}},"5":{"start":{"line":29,"column":0},"end":{"line":31,"column":2}},"6":{"start":{"line":30,"column":35},"end":{"line":30,"column":71}}},"fnMap":{"0":{"name":"getFormatedDate","decl":{"start":{"line":20,"column":9},"end":{"line":20,"column":24}},"loc":{"start":{"line":20,"column":47},"end":{"line":27,"column":1}},"line":20},"1":{"name":"(anonymous_1)","decl":{"start":{"line":30,"column":24},"end":{"line":30,"column":25}},"loc":{"start":{"line":30,"column":35},"end":{"line":30,"column":71}},"line":30}},"branchMap":{"0":{"loc":{"start":{"line":22,"column":10},"end":{"line":22,"column":42}},"type":"cond-expr","locations":[{"start":{"line":22,"column":23},"end":{"line":22,"column":34}},{"start":{"line":22,"column":37},"end":{"line":22,"column":42}}],"line":22},"1":{"loc":{"start":{"line":24,"column":9},"end":{"line":24,"column":38}},"type":"cond-expr","locations":[{"start":{"line":24,"column":21},"end":{"line":24,"column":31}},{"start":{"line":24,"column":34},"end":{"line":24,"column":38}}],"line":24}},"s":{"0":10,"1":10,"2":10,"3":10,"4":10,"5":1,"6":10},"f":{"0":10,"1":10},"b":{"0":[5,5],"1":[5,5]},"_coverageSchema":"332fd63041d2c1bcb487cc26dd0d5f7d97098a6c","hash":"1a8856ca852472444d7da66ae1c9a748f61f61cc"}
}
